2025-03-07 20:35:13,415 - INFO - Aplicación iniciada
2025-03-07 20:35:13,635 - ERROR - Error al cargar credenciales de Streamlit Secrets:
Traceback (most recent call last):
  File "/Users/mateoheras/Library/CloudStorage/OneDrive-Personal/GitHub/Avianca/src/config/bigquery_config.py", line 23, in initialize_bigquery_client
    st.secrets["gcp_service_account"]
    ~~~~~~~~~~^^^^^^^^^^^^^^^^^^^^^^^
  File "/opt/miniconda3/envs/LFScalculator/lib/python3.12/site-packages/streamlit/runtime/secrets.py", line 487, in __getitem__
    value = self._parse()[key]
            ^^^^^^^^^^^^^
  File "/opt/miniconda3/envs/LFScalculator/lib/python3.12/site-packages/streamlit/runtime/secrets.py", line 389, in _parse
    raise FileNotFoundError(error_msg)
FileNotFoundError: No secrets found. Valid paths for a secrets.toml file or secret directories are: /Users/mateoheras/.streamlit/secrets.toml, /Users/mateoheras/Library/CloudStorage/OneDrive-Personal/GitHub/Avianca/.streamlit/secrets.toml
2025-03-07 20:37:01,211 - INFO - Aplicación iniciada
2025-03-07 20:37:01,724 - INFO - Credenciales cargadas correctamente desde Streamlit Secrets.
2025-03-07 20:37:01,725 - INFO - BigQuery client initialized successfully.
2025-03-07 20:37:06,047 - INFO - Aplicación iniciada
2025-03-07 20:37:06,178 - INFO - Credenciales cargadas correctamente desde Streamlit Secrets.
2025-03-07 20:37:06,180 - INFO - BigQuery client initialized successfully.
2025-03-07 20:37:06,195 - INFO - Procesando datos del formulario
2025-03-07 20:37:06,197 - WARNING - Faltan campos obligatorios: ['Origen', 'Destino', 'PAX OB Total', 'Customs In', 'Gate', 'Carrousel', 'WCHR']
2025-03-07 20:39:20,711 - INFO - Aplicación iniciada
2025-03-07 20:39:21,028 - INFO - Credenciales cargadas correctamente desde Streamlit Secrets.
2025-03-07 20:39:21,032 - INFO - BigQuery client initialized successfully.
2025-03-07 20:39:21,141 - INFO - Procesando datos del formulario
2025-03-07 20:39:21,148 - WARNING - Campo de tiempo inválido: STD - El campo STD tiene formato inválido. Use HH:MM.
2025-03-07 20:39:21,162 - WARNING - Campo de tiempo inválido: Crew at Gate - El campo Crew at Gate tiene formato inválido. Use HH:MM.
2025-03-07 20:39:39,427 - INFO - Aplicación iniciada
2025-03-07 20:39:39,542 - INFO - Credenciales cargadas correctamente desde Streamlit Secrets.
2025-03-07 20:39:39,542 - INFO - BigQuery client initialized successfully.
2025-03-07 20:39:39,550 - INFO - Procesando datos del formulario
2025-03-07 20:39:39,551 - INFO - Datos del formulario procesados y validados correctamente
2025-03-07 20:39:55,016 - INFO - Aplicación iniciada
2025-03-07 20:39:55,131 - INFO - Credenciales cargadas correctamente desde Streamlit Secrets.
2025-03-07 20:39:55,132 - INFO - BigQuery client initialized successfully.
2025-03-07 20:39:55,145 - INFO - Enviando datos a BigQuery tabla: unfc-439001.avianca2000.Reportes
2025-03-07 20:39:55,146 - INFO - Datos a enviar: {'flight_date': '2025-03-07', 'origin': 'yyz', 'destination': 'YYZ', 'flight_number': 'AV205', 'std': '21:22:00', 'atd': '19:22:00', 'groomers_in': '19:22:00', 'groomers_out': '19:22:00', 'crew_at_gate': '21:22:00', 'ok_to_board': '19:22:00', 'flight_secure': '19:22:00', 'cierre_de_puerta': '19:22:00', 'push_back': '19:22:00', 'pax_ob_total': '123', 'customs_in': '123', 'delay': '123123', 'gate': '123', 'carrousel': '123', 'delay_code': '123123', 'WCHR': '123123', 'comments': '123123'}
2025-03-07 20:39:59,554 - INFO - Datos enviados exitosamente a BigQuery
2025-03-07 21:01:02,278 - INFO - Aplicación iniciada
2025-03-07 21:01:02,385 - INFO - Credenciales cargadas correctamente desde Streamlit Secrets.
2025-03-07 21:01:02,386 - INFO - BigQuery client initialized successfully.
2025-03-07 21:01:04,007 - INFO - Ejecutando consulta: 
        SELECT *
        FROM `unfc-439001.avianca2000.Reportes`
        WHERE 1=1
         ORDER BY flight_date DESC, std DESC
2025-03-07 21:01:04,627 - WARNING - Error al convertir 2025-03-08 12:30:00 a datetime: object of type 'datetime.time' has no len()
2025-03-07 21:01:04,628 - WARNING - Error al convertir 2025-03-08 12:30:00 a datetime: object of type 'datetime.time' has no len()
2025-03-07 21:01:04,628 - WARNING - Error al convertir 2025-03-08 12:30:00 a datetime: object of type 'datetime.time' has no len()
2025-03-07 21:01:04,628 - WARNING - Error al convertir 2025-03-08 12:30:00 a datetime: object of type 'datetime.time' has no len()
2025-03-07 21:01:04,629 - WARNING - Error al convertir 2025-03-08 12:30:00 a datetime: object of type 'datetime.time' has no len()
2025-03-07 21:01:04,629 - WARNING - Error al convertir 2025-03-08 12:30:00 a datetime: object of type 'datetime.time' has no len()
2025-03-07 21:01:04,629 - WARNING - Error al convertir 2025-03-08 12:30:00 a datetime: object of type 'datetime.time' has no len()
2025-03-07 21:01:04,629 - WARNING - Error al convertir 2025-03-08 12:30:00 a datetime: object of type 'datetime.time' has no len()
2025-03-07 21:01:04,629 - WARNING - Error al convertir 2025-03-08 12:30:00 a datetime: object of type 'datetime.time' has no len()
2025-03-07 21:01:11,559 - INFO - Aplicación iniciada
2025-03-07 21:01:11,733 - INFO - Credenciales cargadas correctamente desde Streamlit Secrets.
2025-03-07 21:01:11,734 - INFO - BigQuery client initialized successfully.
2025-03-07 21:01:12,764 - INFO - Ejecutando consulta: 
        SELECT *
        FROM `unfc-439001.avianca2000.Reportes`
        WHERE 1=1
         AND flight_date = '2025-03-08' ORDER BY flight_date DESC, std DESC
2025-03-07 21:01:13,433 - WARNING - Error al convertir 2025-03-08 12:30:00 a datetime: object of type 'datetime.time' has no len()
2025-03-07 21:01:13,433 - WARNING - Error al convertir 2025-03-08 12:30:00 a datetime: object of type 'datetime.time' has no len()
2025-03-07 21:01:13,434 - WARNING - Error al convertir 2025-03-08 12:30:00 a datetime: object of type 'datetime.time' has no len()
2025-03-07 21:01:13,434 - WARNING - Error al convertir 2025-03-08 12:30:00 a datetime: object of type 'datetime.time' has no len()
2025-03-07 21:01:13,434 - WARNING - Error al convertir 2025-03-08 12:30:00 a datetime: object of type 'datetime.time' has no len()
2025-03-07 21:01:13,435 - WARNING - Error al convertir 2025-03-08 12:30:00 a datetime: object of type 'datetime.time' has no len()
2025-03-07 21:01:13,435 - WARNING - Error al convertir 2025-03-08 12:30:00 a datetime: object of type 'datetime.time' has no len()
2025-03-07 21:01:13,435 - WARNING - Error al convertir 2025-03-08 12:30:00 a datetime: object of type 'datetime.time' has no len()
2025-03-07 21:01:13,435 - WARNING - Error al convertir 2025-03-08 12:30:00 a datetime: object of type 'datetime.time' has no len()
2025-03-07 21:01:15,124 - INFO - Aplicación iniciada
2025-03-07 21:01:15,280 - INFO - Credenciales cargadas correctamente desde Streamlit Secrets.
2025-03-07 21:01:15,283 - INFO - BigQuery client initialized successfully.
2025-03-07 21:01:16,231 - INFO - Ejecutando consulta: 
        SELECT *
        FROM `unfc-439001.avianca2000.Reportes`
        WHERE 1=1
         AND flight_date = '2025-03-08' AND flight_number = 'AV205' ORDER BY flight_date DESC, std DESC
2025-03-07 21:01:16,821 - WARNING - Error al convertir 2025-03-08 12:30:00 a datetime: object of type 'datetime.time' has no len()
2025-03-07 21:01:16,823 - WARNING - Error al convertir 2025-03-08 12:30:00 a datetime: object of type 'datetime.time' has no len()
2025-03-07 21:01:16,823 - WARNING - Error al convertir 2025-03-08 12:30:00 a datetime: object of type 'datetime.time' has no len()
2025-03-07 21:01:16,823 - WARNING - Error al convertir 2025-03-08 12:30:00 a datetime: object of type 'datetime.time' has no len()
2025-03-07 21:01:16,823 - WARNING - Error al convertir 2025-03-08 12:30:00 a datetime: object of type 'datetime.time' has no len()
2025-03-07 21:01:16,824 - WARNING - Error al convertir 2025-03-08 12:30:00 a datetime: object of type 'datetime.time' has no len()
2025-03-07 21:01:16,824 - WARNING - Error al convertir 2025-03-08 12:30:00 a datetime: object of type 'datetime.time' has no len()
2025-03-07 21:01:16,824 - WARNING - Error al convertir 2025-03-08 12:30:00 a datetime: object of type 'datetime.time' has no len()
2025-03-07 21:01:16,824 - WARNING - Error al convertir 2025-03-08 12:30:00 a datetime: object of type 'datetime.time' has no len()
2025-03-07 21:01:29,766 - INFO - Aplicación iniciada
2025-03-07 21:01:29,900 - INFO - Credenciales cargadas correctamente desde Streamlit Secrets.
2025-03-07 21:01:29,901 - INFO - BigQuery client initialized successfully.
2025-03-07 21:01:30,860 - INFO - Ejecutando consulta: 
        SELECT *
        FROM `unfc-439001.avianca2000.Reportes`
        WHERE 1=1
         AND flight_date = '2025-03-08' AND flight_number = 'AV205' ORDER BY flight_date DESC, std DESC
2025-03-07 21:01:31,366 - WARNING - Error al convertir 2025-03-08 12:30:00 a datetime: object of type 'datetime.time' has no len()
2025-03-07 21:01:31,367 - WARNING - Error al convertir 2025-03-08 12:30:00 a datetime: object of type 'datetime.time' has no len()
2025-03-07 21:01:31,367 - WARNING - Error al convertir 2025-03-08 12:30:00 a datetime: object of type 'datetime.time' has no len()
2025-03-07 21:01:31,367 - WARNING - Error al convertir 2025-03-08 12:30:00 a datetime: object of type 'datetime.time' has no len()
2025-03-07 21:01:31,367 - WARNING - Error al convertir 2025-03-08 12:30:00 a datetime: object of type 'datetime.time' has no len()
2025-03-07 21:01:31,367 - WARNING - Error al convertir 2025-03-08 12:30:00 a datetime: object of type 'datetime.time' has no len()
2025-03-07 21:01:31,368 - WARNING - Error al convertir 2025-03-08 12:30:00 a datetime: object of type 'datetime.time' has no len()
2025-03-07 21:01:31,368 - WARNING - Error al convertir 2025-03-08 12:30:00 a datetime: object of type 'datetime.time' has no len()
2025-03-07 21:01:31,368 - WARNING - Error al convertir 2025-03-08 12:30:00 a datetime: object of type 'datetime.time' has no len()
2025-03-07 21:02:39,174 - INFO - Aplicación iniciada
2025-03-07 21:02:39,343 - INFO - Credenciales cargadas correctamente desde Streamlit Secrets.
2025-03-07 21:02:39,344 - INFO - BigQuery client initialized successfully.
2025-03-07 21:02:39,379 - INFO - Procesando datos del formulario
2025-03-07 21:02:39,380 - WARNING - Campo de tiempo inválido: Cierre de Puerta - El campo Cierre de Puerta es obligatorio.
2025-03-07 21:02:40,387 - INFO - Ejecutando consulta: 
        SELECT *
        FROM `unfc-439001.avianca2000.Reportes`
        WHERE 1=1
         AND flight_date = '2025-03-08' AND flight_number = 'AV205' ORDER BY flight_date DESC, std DESC
2025-03-07 21:02:40,868 - WARNING - Error al convertir 2025-03-08 12:30:00 a datetime: object of type 'datetime.time' has no len()
2025-03-07 21:02:40,869 - WARNING - Error al convertir 2025-03-08 12:30:00 a datetime: object of type 'datetime.time' has no len()
2025-03-07 21:02:40,869 - WARNING - Error al convertir 2025-03-08 12:30:00 a datetime: object of type 'datetime.time' has no len()
2025-03-07 21:02:40,869 - WARNING - Error al convertir 2025-03-08 12:30:00 a datetime: object of type 'datetime.time' has no len()
2025-03-07 21:02:40,870 - WARNING - Error al convertir 2025-03-08 12:30:00 a datetime: object of type 'datetime.time' has no len()
2025-03-07 21:02:40,870 - WARNING - Error al convertir 2025-03-08 12:30:00 a datetime: object of type 'datetime.time' has no len()
2025-03-07 21:02:40,870 - WARNING - Error al convertir 2025-03-08 12:30:00 a datetime: object of type 'datetime.time' has no len()
2025-03-07 21:02:40,870 - WARNING - Error al convertir 2025-03-08 12:30:00 a datetime: object of type 'datetime.time' has no len()
2025-03-07 21:02:40,871 - WARNING - Error al convertir 2025-03-08 12:30:00 a datetime: object of type 'datetime.time' has no len()
2025-03-07 21:03:21,362 - INFO - Aplicación iniciada
2025-03-07 21:03:21,506 - INFO - Credenciales cargadas correctamente desde Streamlit Secrets.
2025-03-07 21:03:21,507 - INFO - BigQuery client initialized successfully.
2025-03-07 21:03:21,536 - INFO - Procesando datos del formulario
2025-03-07 21:03:21,537 - INFO - Datos del formulario procesados y validados correctamente
2025-03-07 21:03:22,352 - INFO - Ejecutando consulta: 
        SELECT *
        FROM `unfc-439001.avianca2000.Reportes`
        WHERE 1=1
         AND flight_date = '2025-03-08' AND flight_number = 'AV205' ORDER BY flight_date DESC, std DESC
2025-03-07 21:03:22,654 - WARNING - Error al convertir 2025-03-08 12:30:00 a datetime: object of type 'datetime.time' has no len()
2025-03-07 21:03:22,655 - WARNING - Error al convertir 2025-03-08 12:30:00 a datetime: object of type 'datetime.time' has no len()
2025-03-07 21:03:22,655 - WARNING - Error al convertir 2025-03-08 12:30:00 a datetime: object of type 'datetime.time' has no len()
2025-03-07 21:03:22,655 - WARNING - Error al convertir 2025-03-08 12:30:00 a datetime: object of type 'datetime.time' has no len()
2025-03-07 21:03:22,655 - WARNING - Error al convertir 2025-03-08 12:30:00 a datetime: object of type 'datetime.time' has no len()
2025-03-07 21:03:22,656 - WARNING - Error al convertir 2025-03-08 12:30:00 a datetime: object of type 'datetime.time' has no len()
2025-03-07 21:03:22,656 - WARNING - Error al convertir 2025-03-08 12:30:00 a datetime: object of type 'datetime.time' has no len()
2025-03-07 21:03:22,656 - WARNING - Error al convertir 2025-03-08 12:30:00 a datetime: object of type 'datetime.time' has no len()
2025-03-07 21:03:22,656 - WARNING - Error al convertir 2025-03-08 12:30:00 a datetime: object of type 'datetime.time' has no len()
2025-03-07 21:03:24,905 - INFO - Aplicación iniciada
2025-03-07 21:03:25,032 - INFO - Credenciales cargadas correctamente desde Streamlit Secrets.
2025-03-07 21:03:25,033 - INFO - BigQuery client initialized successfully.
2025-03-07 21:03:25,079 - INFO - Enviando datos a BigQuery tabla: unfc-439001.avianca2000.Reportes
2025-03-07 21:03:25,080 - INFO - Datos a enviar: {'flight_date': '2025-03-07', 'origin': 'XXY', 'destination': 'XXY', 'flight_number': 'AV205', 'std': '12:10:00', 'atd': '12:30:00', 'groomers_in': '12:50:00', 'groomers_out': '13:10:00', 'crew_at_gate': '12:20:00', 'ok_to_board': '12:40:00', 'flight_secure': '13:00:00', 'cierre_de_puerta': '12:00:00', 'push_back': '13:20:00', 'pax_ob_total': '12', 'customs_in': '12', 'delay': 'No delay', 'gate': '12', 'carrousel': '12', 'delay_code': 'No Delay', 'WCHR': 'No whcr', 'comments': 'No whcr'}
2025-03-07 21:03:27,847 - INFO - Datos enviados exitosamente a BigQuery
2025-03-07 21:03:28,737 - INFO - Ejecutando consulta: 
        SELECT *
        FROM `unfc-439001.avianca2000.Reportes`
        WHERE 1=1
         AND flight_date = '2025-03-08' AND flight_number = 'AV205' ORDER BY flight_date DESC, std DESC
2025-03-07 21:03:29,163 - WARNING - Error al convertir 2025-03-08 12:30:00 a datetime: object of type 'datetime.time' has no len()
2025-03-07 21:03:29,163 - WARNING - Error al convertir 2025-03-08 12:30:00 a datetime: object of type 'datetime.time' has no len()
2025-03-07 21:03:29,164 - WARNING - Error al convertir 2025-03-08 12:30:00 a datetime: object of type 'datetime.time' has no len()
2025-03-07 21:03:29,164 - WARNING - Error al convertir 2025-03-08 12:30:00 a datetime: object of type 'datetime.time' has no len()
2025-03-07 21:03:29,165 - WARNING - Error al convertir 2025-03-08 12:30:00 a datetime: object of type 'datetime.time' has no len()
2025-03-07 21:03:29,165 - WARNING - Error al convertir 2025-03-08 12:30:00 a datetime: object of type 'datetime.time' has no len()
2025-03-07 21:03:29,165 - WARNING - Error al convertir 2025-03-08 12:30:00 a datetime: object of type 'datetime.time' has no len()
2025-03-07 21:03:29,165 - WARNING - Error al convertir 2025-03-08 12:30:00 a datetime: object of type 'datetime.time' has no len()
2025-03-07 21:03:29,166 - WARNING - Error al convertir 2025-03-08 12:30:00 a datetime: object of type 'datetime.time' has no len()
2025-03-07 21:03:36,314 - INFO - Aplicación iniciada
2025-03-07 21:03:36,431 - INFO - Credenciales cargadas correctamente desde Streamlit Secrets.
2025-03-07 21:03:36,432 - INFO - BigQuery client initialized successfully.
2025-03-07 21:03:37,176 - INFO - Ejecutando consulta: 
        SELECT *
        FROM `unfc-439001.avianca2000.Reportes`
        WHERE 1=1
         AND flight_date = '2025-03-08' AND flight_number = 'AV205' ORDER BY flight_date DESC, std DESC
2025-03-07 21:03:37,477 - WARNING - Error al convertir 2025-03-08 12:30:00 a datetime: object of type 'datetime.time' has no len()
2025-03-07 21:03:37,478 - WARNING - Error al convertir 2025-03-08 12:30:00 a datetime: object of type 'datetime.time' has no len()
2025-03-07 21:03:37,478 - WARNING - Error al convertir 2025-03-08 12:30:00 a datetime: object of type 'datetime.time' has no len()
2025-03-07 21:03:37,478 - WARNING - Error al convertir 2025-03-08 12:30:00 a datetime: object of type 'datetime.time' has no len()
2025-03-07 21:03:37,478 - WARNING - Error al convertir 2025-03-08 12:30:00 a datetime: object of type 'datetime.time' has no len()
2025-03-07 21:03:37,478 - WARNING - Error al convertir 2025-03-08 12:30:00 a datetime: object of type 'datetime.time' has no len()
2025-03-07 21:03:37,478 - WARNING - Error al convertir 2025-03-08 12:30:00 a datetime: object of type 'datetime.time' has no len()
2025-03-07 21:03:37,479 - WARNING - Error al convertir 2025-03-08 12:30:00 a datetime: object of type 'datetime.time' has no len()
2025-03-07 21:03:37,479 - WARNING - Error al convertir 2025-03-08 12:30:00 a datetime: object of type 'datetime.time' has no len()
2025-03-07 21:03:42,316 - INFO - Aplicación iniciada
2025-03-07 21:03:42,452 - INFO - Credenciales cargadas correctamente desde Streamlit Secrets.
2025-03-07 21:03:42,453 - INFO - BigQuery client initialized successfully.
2025-03-07 21:03:43,315 - INFO - Ejecutando consulta: 
        SELECT *
        FROM `unfc-439001.avianca2000.Reportes`
        WHERE 1=1
         AND flight_date = '2025-03-08' ORDER BY flight_date DESC, std DESC
2025-03-07 21:03:43,741 - WARNING - Error al convertir 2025-03-08 12:30:00 a datetime: object of type 'datetime.time' has no len()
2025-03-07 21:03:43,742 - WARNING - Error al convertir 2025-03-08 12:30:00 a datetime: object of type 'datetime.time' has no len()
2025-03-07 21:03:43,743 - WARNING - Error al convertir 2025-03-08 12:30:00 a datetime: object of type 'datetime.time' has no len()
2025-03-07 21:03:43,743 - WARNING - Error al convertir 2025-03-08 12:30:00 a datetime: object of type 'datetime.time' has no len()
2025-03-07 21:03:43,743 - WARNING - Error al convertir 2025-03-08 12:30:00 a datetime: object of type 'datetime.time' has no len()
2025-03-07 21:03:43,743 - WARNING - Error al convertir 2025-03-08 12:30:00 a datetime: object of type 'datetime.time' has no len()
2025-03-07 21:03:43,744 - WARNING - Error al convertir 2025-03-08 12:30:00 a datetime: object of type 'datetime.time' has no len()
2025-03-07 21:03:43,744 - WARNING - Error al convertir 2025-03-08 12:30:00 a datetime: object of type 'datetime.time' has no len()
2025-03-07 21:03:43,744 - WARNING - Error al convertir 2025-03-08 12:30:00 a datetime: object of type 'datetime.time' has no len()
2025-03-07 21:03:50,250 - INFO - Aplicación iniciada
2025-03-07 21:03:50,369 - INFO - Credenciales cargadas correctamente desde Streamlit Secrets.
2025-03-07 21:03:50,370 - INFO - BigQuery client initialized successfully.
2025-03-07 21:03:51,186 - INFO - Ejecutando consulta: 
        SELECT *
        FROM `unfc-439001.avianca2000.Reportes`
        WHERE 1=1
         ORDER BY flight_date DESC, std DESC
2025-03-07 21:03:51,599 - WARNING - Error al convertir 2025-03-08 12:30:00 a datetime: object of type 'datetime.time' has no len()
2025-03-07 21:03:51,599 - WARNING - Error al convertir 2025-03-08 12:30:00 a datetime: object of type 'datetime.time' has no len()
2025-03-07 21:03:51,599 - WARNING - Error al convertir 2025-03-08 12:30:00 a datetime: object of type 'datetime.time' has no len()
2025-03-07 21:03:51,600 - WARNING - Error al convertir 2025-03-08 12:30:00 a datetime: object of type 'datetime.time' has no len()
2025-03-07 21:03:51,600 - WARNING - Error al convertir 2025-03-08 12:30:00 a datetime: object of type 'datetime.time' has no len()
2025-03-07 21:03:51,600 - WARNING - Error al convertir 2025-03-08 12:30:00 a datetime: object of type 'datetime.time' has no len()
2025-03-07 21:03:51,600 - WARNING - Error al convertir 2025-03-08 12:30:00 a datetime: object of type 'datetime.time' has no len()
2025-03-07 21:03:51,601 - WARNING - Error al convertir 2025-03-08 12:30:00 a datetime: object of type 'datetime.time' has no len()
2025-03-07 21:03:51,601 - WARNING - Error al convertir 2025-03-08 12:30:00 a datetime: object of type 'datetime.time' has no len()
2025-03-07 21:04:06,022 - INFO - Aplicación iniciada
2025-03-07 21:04:06,167 - INFO - Credenciales cargadas correctamente desde Streamlit Secrets.
2025-03-07 21:04:06,168 - INFO - BigQuery client initialized successfully.
2025-03-07 21:04:06,887 - INFO - Ejecutando consulta: 
        SELECT *
        FROM `unfc-439001.avianca2000.Reportes`
        WHERE 1=1
         ORDER BY flight_date DESC, std DESC
2025-03-07 21:04:07,187 - WARNING - Error al convertir 2025-03-07 12:10:00 a datetime: object of type 'datetime.time' has no len()
2025-03-07 21:04:07,187 - WARNING - Error al convertir 2025-03-07 12:30:00 a datetime: object of type 'datetime.time' has no len()
2025-03-07 21:04:07,187 - WARNING - Error al convertir 2025-03-07 12:50:00 a datetime: object of type 'datetime.time' has no len()
2025-03-07 21:04:07,188 - WARNING - Error al convertir 2025-03-07 13:10:00 a datetime: object of type 'datetime.time' has no len()
2025-03-07 21:04:07,188 - WARNING - Error al convertir 2025-03-07 12:20:00 a datetime: object of type 'datetime.time' has no len()
2025-03-07 21:04:07,188 - WARNING - Error al convertir 2025-03-07 12:40:00 a datetime: object of type 'datetime.time' has no len()
2025-03-07 21:04:07,188 - WARNING - Error al convertir 2025-03-07 13:00:00 a datetime: object of type 'datetime.time' has no len()
2025-03-07 21:04:07,188 - WARNING - Error al convertir 2025-03-07 12:00:00 a datetime: object of type 'datetime.time' has no len()
2025-03-07 21:04:07,188 - WARNING - Error al convertir 2025-03-07 13:20:00 a datetime: object of type 'datetime.time' has no len()
2025-03-07 21:07:51,401 - INFO - Aplicación iniciada
2025-03-07 21:07:51,566 - INFO - Credenciales cargadas correctamente desde Streamlit Secrets.
2025-03-07 21:07:51,568 - INFO - BigQuery client initialized successfully.
2025-03-07 21:07:52,700 - INFO - Ejecutando consulta: 
        SELECT *
        FROM `unfc-439001.avianca2000.Reportes`
        WHERE 1=1
         ORDER BY flight_date DESC, std DESC
2025-03-07 21:07:58,484 - INFO - Aplicación iniciada
2025-03-07 21:07:58,634 - INFO - Credenciales cargadas correctamente desde Streamlit Secrets.
2025-03-07 21:07:58,636 - INFO - BigQuery client initialized successfully.
2025-03-07 21:07:59,480 - INFO - Ejecutando consulta: 
        SELECT *
        FROM `unfc-439001.avianca2000.Reportes`
        WHERE 1=1
         ORDER BY flight_date DESC, std DESC
2025-03-07 21:12:36,823 - INFO - Aplicación iniciada
2025-03-07 21:12:37,054 - INFO - Credenciales cargadas correctamente desde Streamlit Secrets.
2025-03-07 21:12:37,054 - INFO - BigQuery client initialized successfully.
2025-03-07 21:12:38,078 - INFO - Ejecutando consulta: 
        SELECT *
        FROM `unfc-439001.avianca2000.Reportes`
        WHERE 1=1
         AND flight_date = '2025-03-08' ORDER BY flight_date DESC, std DESC
2025-03-07 21:12:41,004 - INFO - Aplicación iniciada
2025-03-07 21:12:41,132 - INFO - Credenciales cargadas correctamente desde Streamlit Secrets.
2025-03-07 21:12:41,133 - INFO - BigQuery client initialized successfully.
2025-03-07 21:12:41,875 - INFO - Ejecutando consulta: 
        SELECT *
        FROM `unfc-439001.avianca2000.Reportes`
        WHERE 1=1
         AND flight_date = '2025-03-08' AND flight_number = 'AV255' ORDER BY flight_date DESC, std DESC
2025-03-07 21:12:46,685 - INFO - Aplicación iniciada
2025-03-07 21:12:46,797 - INFO - Credenciales cargadas correctamente desde Streamlit Secrets.
2025-03-07 21:12:46,798 - INFO - BigQuery client initialized successfully.
2025-03-07 21:12:47,516 - INFO - Ejecutando consulta: 
        SELECT *
        FROM `unfc-439001.avianca2000.Reportes`
        WHERE 1=1
         AND flight_number = 'AV255' ORDER BY flight_date DESC, std DESC
2025-03-07 21:13:10,778 - INFO - Aplicación iniciada
2025-03-07 21:13:10,932 - INFO - Credenciales cargadas correctamente desde Streamlit Secrets.
2025-03-07 21:13:10,935 - INFO - BigQuery client initialized successfully.
2025-03-07 21:13:11,812 - INFO - Ejecutando consulta: 
        SELECT *
        FROM `unfc-439001.avianca2000.Reportes`
        WHERE 1=1
         AND flight_number = 'AV627' ORDER BY flight_date DESC, std DESC
2025-03-07 21:13:16,741 - INFO - Aplicación iniciada
2025-03-07 21:13:16,893 - INFO - Credenciales cargadas correctamente desde Streamlit Secrets.
2025-03-07 21:13:16,894 - INFO - BigQuery client initialized successfully.
2025-03-07 21:13:17,688 - INFO - Ejecutando consulta: 
        SELECT *
        FROM `unfc-439001.avianca2000.Reportes`
        WHERE 1=1
         AND flight_number = 'AV205' ORDER BY flight_date DESC, std DESC
2025-03-07 21:13:19,829 - INFO - Aplicación iniciada
2025-03-07 21:13:19,954 - INFO - Credenciales cargadas correctamente desde Streamlit Secrets.
2025-03-07 21:13:19,955 - INFO - BigQuery client initialized successfully.
2025-03-07 21:13:20,698 - INFO - Ejecutando consulta: 
        SELECT *
        FROM `unfc-439001.avianca2000.Reportes`
        WHERE 1=1
         AND flight_number = 'AV205' ORDER BY flight_date DESC, std DESC
2025-03-07 21:14:03,891 - INFO - Aplicación iniciada
2025-03-07 21:14:04,242 - INFO - Credenciales cargadas correctamente desde Streamlit Secrets.
2025-03-07 21:14:04,248 - INFO - BigQuery client initialized successfully.
2025-03-07 21:14:05,281 - INFO - Ejecutando consulta: 
        SELECT *
        FROM `unfc-439001.avianca2000.Reportes`
        WHERE 1=1
         AND flight_number = 'AV205' ORDER BY flight_date DESC, std DESC
2025-03-07 21:14:05,898 - ERROR - Error al renderizar la pestaña de línea de tiempo: Object of type timedelta is not JSON serializable
Traceback (most recent call last):
  File "/Users/mateoheras/Library/CloudStorage/OneDrive-Personal/GitHub/Avianca/src/components/timeline_chart.py", line 627, in render_timeline_tab
    st.plotly_chart(fig, use_container_width=True)
  File "/opt/miniconda3/envs/LFScalculator/lib/python3.12/site-packages/streamlit/runtime/metrics_util.py", line 410, in wrapped_func
    result = non_optional_func(*args, **kwargs)
             ^^^^^^^^^^^^^^^^^^^^^^^^^^^^^^^^^^
  File "/opt/miniconda3/envs/LFScalculator/lib/python3.12/site-packages/streamlit/elements/plotly_chart.py", line 501, in plotly_chart
    plotly_chart_proto.spec = plotly.io.to_json(figure, validate=False)
                              ^^^^^^^^^^^^^^^^^^^^^^^^^^^^^^^^^^^^^^^^^
  File "/opt/miniconda3/envs/LFScalculator/lib/python3.12/site-packages/plotly/io/_json.py", line 221, in to_json
    return to_json_plotly(fig_dict, pretty=pretty, engine=engine)
           ^^^^^^^^^^^^^^^^^^^^^^^^^^^^^^^^^^^^^^^^^^^^^^^^^^^^^^
  File "/opt/miniconda3/envs/LFScalculator/lib/python3.12/site-packages/plotly/io/_json.py", line 142, in to_json_plotly
    json.dumps(plotly_object, cls=PlotlyJSONEncoder, **opts), _swap_json
    ^^^^^^^^^^^^^^^^^^^^^^^^^^^^^^^^^^^^^^^^^^^^^^^^^^^^^^^^
  File "/opt/miniconda3/envs/LFScalculator/lib/python3.12/json/__init__.py", line 238, in dumps
    **kw).encode(obj)
          ^^^^^^^^^^^
  File "/opt/miniconda3/envs/LFScalculator/lib/python3.12/site-packages/_plotly_utils/utils.py", line 56, in encode
    encoded_o = super(PlotlyJSONEncoder, self).encode(o)
                ^^^^^^^^^^^^^^^^^^^^^^^^^^^^^^^^^^^^^^^^
  File "/opt/miniconda3/envs/LFScalculator/lib/python3.12/json/encoder.py", line 200, in encode
    chunks = self.iterencode(o, _one_shot=True)
             ^^^^^^^^^^^^^^^^^^^^^^^^^^^^^^^^^^
  File "/opt/miniconda3/envs/LFScalculator/lib/python3.12/json/encoder.py", line 258, in iterencode
    return _iterencode(o, 0)
           ^^^^^^^^^^^^^^^^^
  File "/opt/miniconda3/envs/LFScalculator/lib/python3.12/site-packages/_plotly_utils/utils.py", line 133, in default
    return _json.JSONEncoder.default(self, obj)
           ^^^^^^^^^^^^^^^^^^^^^^^^^^^^^^^^^^^^
  File "/opt/miniconda3/envs/LFScalculator/lib/python3.12/json/encoder.py", line 180, in default
    raise TypeError(f'Object of type {o.__class__.__name__} '
TypeError: Object of type timedelta is not JSON serializable
2025-03-07 21:14:25,006 - INFO - Aplicación iniciada
2025-03-07 21:14:25,232 - INFO - Credenciales cargadas correctamente desde Streamlit Secrets.
2025-03-07 21:14:25,233 - INFO - BigQuery client initialized successfully.
2025-03-07 21:14:26,045 - INFO - Ejecutando consulta: 
        SELECT *
        FROM `unfc-439001.avianca2000.Reportes`
        WHERE 1=1
         AND flight_number = 'AV205' ORDER BY flight_date DESC, std DESC
2025-03-07 21:14:43,634 - INFO - Aplicación iniciada
2025-03-07 21:14:43,785 - INFO - Credenciales cargadas correctamente desde Streamlit Secrets.
2025-03-07 21:14:43,786 - INFO - BigQuery client initialized successfully.
2025-03-07 21:14:44,547 - INFO - Ejecutando consulta: 
        SELECT *
        FROM `unfc-439001.avianca2000.Reportes`
        WHERE 1=1
         AND flight_number = 'AV205' ORDER BY flight_date DESC, std DESC
2025-03-07 21:14:44,869 - ERROR - Error al renderizar la pestaña de línea de tiempo: Object of type timedelta is not JSON serializable
Traceback (most recent call last):
  File "/Users/mateoheras/Library/CloudStorage/OneDrive-Personal/GitHub/Avianca/src/components/timeline_chart.py", line 627, in render_timeline_tab
    st.plotly_chart(fig, use_container_width=True)
  File "/opt/miniconda3/envs/LFScalculator/lib/python3.12/site-packages/streamlit/runtime/metrics_util.py", line 410, in wrapped_func
    result = non_optional_func(*args, **kwargs)
             ^^^^^^^^^^^^^^^^^^^^^^^^^^^^^^^^^^
  File "/opt/miniconda3/envs/LFScalculator/lib/python3.12/site-packages/streamlit/elements/plotly_chart.py", line 501, in plotly_chart
    plotly_chart_proto.spec = plotly.io.to_json(figure, validate=False)
                              ^^^^^^^^^^^^^^^^^^^^^^^^^^^^^^^^^^^^^^^^^
  File "/opt/miniconda3/envs/LFScalculator/lib/python3.12/site-packages/plotly/io/_json.py", line 221, in to_json
    return to_json_plotly(fig_dict, pretty=pretty, engine=engine)
           ^^^^^^^^^^^^^^^^^^^^^^^^^^^^^^^^^^^^^^^^^^^^^^^^^^^^^^
  File "/opt/miniconda3/envs/LFScalculator/lib/python3.12/site-packages/plotly/io/_json.py", line 142, in to_json_plotly
    json.dumps(plotly_object, cls=PlotlyJSONEncoder, **opts), _swap_json
    ^^^^^^^^^^^^^^^^^^^^^^^^^^^^^^^^^^^^^^^^^^^^^^^^^^^^^^^^
  File "/opt/miniconda3/envs/LFScalculator/lib/python3.12/json/__init__.py", line 238, in dumps
    **kw).encode(obj)
          ^^^^^^^^^^^
  File "/opt/miniconda3/envs/LFScalculator/lib/python3.12/site-packages/_plotly_utils/utils.py", line 56, in encode
    encoded_o = super(PlotlyJSONEncoder, self).encode(o)
                ^^^^^^^^^^^^^^^^^^^^^^^^^^^^^^^^^^^^^^^^
  File "/opt/miniconda3/envs/LFScalculator/lib/python3.12/json/encoder.py", line 200, in encode
    chunks = self.iterencode(o, _one_shot=True)
             ^^^^^^^^^^^^^^^^^^^^^^^^^^^^^^^^^^
  File "/opt/miniconda3/envs/LFScalculator/lib/python3.12/json/encoder.py", line 258, in iterencode
    return _iterencode(o, 0)
           ^^^^^^^^^^^^^^^^^
  File "/opt/miniconda3/envs/LFScalculator/lib/python3.12/site-packages/_plotly_utils/utils.py", line 133, in default
    return _json.JSONEncoder.default(self, obj)
           ^^^^^^^^^^^^^^^^^^^^^^^^^^^^^^^^^^^^
  File "/opt/miniconda3/envs/LFScalculator/lib/python3.12/json/encoder.py", line 180, in default
    raise TypeError(f'Object of type {o.__class__.__name__} '
TypeError: Object of type timedelta is not JSON serializable
2025-03-07 21:17:53,640 - INFO - Aplicación iniciada
2025-03-07 21:17:53,770 - INFO - Credenciales cargadas correctamente desde Streamlit Secrets.
2025-03-07 21:17:53,772 - INFO - BigQuery client initialized successfully.
2025-03-07 21:17:55,692 - INFO - Ejecutando consulta: 
        SELECT *
        FROM `unfc-439001.avianca2000.Reportes`
        WHERE 1=1
         ORDER BY flight_date DESC, std DESC
2025-03-07 21:18:05,814 - INFO - Aplicación iniciada
2025-03-07 21:18:05,943 - INFO - Credenciales cargadas correctamente desde Streamlit Secrets.
2025-03-07 21:18:05,944 - INFO - BigQuery client initialized successfully.
2025-03-07 21:18:06,755 - INFO - Ejecutando consulta: 
        SELECT *
        FROM `unfc-439001.avianca2000.Reportes`
        WHERE 1=1
         ORDER BY flight_date DESC, std DESC
2025-03-07 21:18:53,708 - INFO - Aplicación iniciada
2025-03-07 21:18:53,959 - INFO - Credenciales cargadas correctamente desde Streamlit Secrets.
2025-03-07 21:18:53,960 - INFO - BigQuery client initialized successfully.
2025-03-07 21:18:55,021 - INFO - Ejecutando consulta: 
        SELECT *
        FROM `unfc-439001.avianca2000.Reportes`
        WHERE 1=1
         ORDER BY flight_date DESC, std DESC
2025-03-07 21:20:20,981 - INFO - Aplicación iniciada
2025-03-07 21:20:21,135 - INFO - Credenciales cargadas correctamente desde Streamlit Secrets.
2025-03-07 21:20:21,136 - INFO - BigQuery client initialized successfully.
2025-03-07 21:20:21,192 - INFO - Procesando datos del formulario
2025-03-07 21:20:21,194 - WARNING - Campo de tiempo inválido: Push Back - El campo Push Back tiene formato inválido. Use HH:MM.
2025-03-07 21:20:22,504 - INFO - Ejecutando consulta: 
        SELECT *
        FROM `unfc-439001.avianca2000.Reportes`
        WHERE 1=1
         ORDER BY flight_date DESC, std DESC
2025-03-07 21:20:28,663 - INFO - Aplicación iniciada
2025-03-07 21:20:28,765 - INFO - Credenciales cargadas correctamente desde Streamlit Secrets.
2025-03-07 21:20:28,766 - INFO - BigQuery client initialized successfully.
2025-03-07 21:20:28,812 - INFO - Procesando datos del formulario
2025-03-07 21:20:28,813 - INFO - Datos del formulario procesados y validados correctamente
2025-03-07 21:20:29,573 - INFO - Ejecutando consulta: 
        SELECT *
        FROM `unfc-439001.avianca2000.Reportes`
        WHERE 1=1
         ORDER BY flight_date DESC, std DESC
2025-03-07 21:20:31,472 - INFO - Aplicación iniciada
2025-03-07 21:20:31,569 - INFO - Credenciales cargadas correctamente desde Streamlit Secrets.
2025-03-07 21:20:31,569 - INFO - BigQuery client initialized successfully.
2025-03-07 21:20:31,600 - INFO - Enviando datos a BigQuery tabla: unfc-439001.avianca2000.Reportes
2025-03-07 21:20:31,601 - INFO - Datos a enviar: {'flight_date': '2025-03-07', 'origin': 'AAA', 'destination': 'D89D6CB7C2B46A24E66C52696F8DD39DA92DE003F6DDF4052DDBEF7819D1FB37', 'flight_number': 'AV205', 'std': '11:00:00', 'atd': '11:20:00', 'groomers_in': '11:40:00', 'groomers_out': '12:00:00', 'crew_at_gate': '11:10:00', 'ok_to_board': '11:30:00', 'flight_secure': '11:50:00', 'cierre_de_puerta': '13:00:00', 'push_back': '13:30:00', 'pax_ob_total': '99', 'customs_in': '12', 'delay': '12', 'gate': '12', 'carrousel': '12', 'delay_code': '12', 'WCHR': 'No coments', 'comments': 'No Coments'}
2025-03-07 21:20:34,310 - INFO - Datos enviados exitosamente a BigQuery
2025-03-07 21:20:35,128 - INFO - Ejecutando consulta: 
        SELECT *
        FROM `unfc-439001.avianca2000.Reportes`
        WHERE 1=1
         ORDER BY flight_date DESC, std DESC
2025-03-07 21:20:44,891 - INFO - Aplicación iniciada
2025-03-07 21:20:45,010 - INFO - Credenciales cargadas correctamente desde Streamlit Secrets.
2025-03-07 21:20:45,014 - INFO - BigQuery client initialized successfully.
2025-03-07 21:20:45,724 - INFO - Ejecutando consulta: 
        SELECT *
        FROM `unfc-439001.avianca2000.Reportes`
        WHERE 1=1
         ORDER BY flight_date DESC, std DESC
2025-03-07 21:21:11,322 - INFO - Aplicación iniciada
2025-03-07 21:21:11,451 - INFO - Credenciales cargadas correctamente desde Streamlit Secrets.
2025-03-07 21:21:11,452 - INFO - BigQuery client initialized successfully.
2025-03-07 21:21:12,165 - INFO - Ejecutando consulta: 
        SELECT *
        FROM `unfc-439001.avianca2000.Reportes`
        WHERE 1=1
         ORDER BY flight_date DESC, std DESC
2025-03-07 21:27:44,035 - INFO - Aplicación iniciada
2025-03-07 21:27:44,272 - INFO - Credenciales cargadas correctamente desde Streamlit Secrets.
2025-03-07 21:27:44,276 - INFO - BigQuery client initialized successfully.
2025-03-07 21:27:46,017 - INFO - Ejecutando consulta: 
        SELECT *
        FROM `unfc-439001.avianca2000.Reportes`
        WHERE 1=1
         ORDER BY flight_date DESC, std DESC
2025-03-07 21:30:15,437 - INFO - Aplicación iniciada
2025-03-07 21:30:15,839 - INFO - Credenciales cargadas correctamente desde Streamlit Secrets.
2025-03-07 21:30:15,842 - INFO - BigQuery client initialized successfully.
2025-03-07 21:30:17,063 - INFO - Ejecutando consulta: 
        SELECT *
        FROM `unfc-439001.avianca2000.Reportes`
        WHERE 1=1
         ORDER BY flight_date DESC, std DESC
2025-03-07 21:32:39,595 - INFO - Aplicación iniciada
2025-03-07 21:32:39,730 - INFO - Credenciales cargadas correctamente desde Streamlit Secrets.
2025-03-07 21:32:39,730 - INFO - BigQuery client initialized successfully.
2025-03-07 21:32:40,989 - INFO - Ejecutando consulta: 
        SELECT *
        FROM `unfc-439001.avianca2000.Reportes`
        WHERE 1=1
         ORDER BY flight_date DESC, std DESC
2025-03-07 21:35:03,481 - INFO - Aplicación iniciada
2025-03-07 21:35:03,740 - INFO - Credenciales cargadas correctamente desde Streamlit Secrets.
2025-03-07 21:35:03,742 - INFO - BigQuery client initialized successfully.
2025-03-07 21:35:03,804 - INFO - Procesando datos del formulario
2025-03-07 21:35:03,805 - WARNING - Faltan campos obligatorios: ['Customs In', 'WCHR']
2025-03-07 21:35:04,687 - INFO - Ejecutando consulta: 
        SELECT *
        FROM `unfc-439001.avianca2000.Reportes`
        WHERE 1=1
         ORDER BY flight_date DESC, std DESC
2025-03-07 21:35:21,836 - INFO - Aplicación iniciada
2025-03-07 21:35:21,952 - INFO - Credenciales cargadas correctamente desde Streamlit Secrets.
2025-03-07 21:35:21,953 - INFO - BigQuery client initialized successfully.
2025-03-07 21:35:22,000 - INFO - Procesando datos del formulario
2025-03-07 21:35:22,001 - WARNING - Campo de tiempo inválido: Crew at Gate - El campo Crew at Gate es obligatorio.
2025-03-07 21:35:22,813 - INFO - Ejecutando consulta: 
        SELECT *
        FROM `unfc-439001.avianca2000.Reportes`
        WHERE 1=1
         ORDER BY flight_date DESC, std DESC
2025-03-07 21:35:36,922 - INFO - Aplicación iniciada
2025-03-07 21:35:37,047 - INFO - Credenciales cargadas correctamente desde Streamlit Secrets.
2025-03-07 21:35:37,048 - INFO - BigQuery client initialized successfully.
2025-03-07 21:35:37,073 - INFO - Procesando datos del formulario
2025-03-07 21:35:37,074 - INFO - Datos del formulario procesados y validados correctamente
2025-03-07 21:35:37,966 - INFO - Ejecutando consulta: 
        SELECT *
        FROM `unfc-439001.avianca2000.Reportes`
        WHERE 1=1
         ORDER BY flight_date DESC, std DESC
2025-03-07 21:35:39,889 - INFO - Aplicación iniciada
2025-03-07 21:35:40,043 - INFO - Credenciales cargadas correctamente desde Streamlit Secrets.
2025-03-07 21:35:40,044 - INFO - BigQuery client initialized successfully.
2025-03-07 21:35:40,056 - INFO - Enviando datos a BigQuery tabla: unfc-439001.avianca2000.Reportes
2025-03-07 21:35:40,056 - INFO - Datos a enviar: {'flight_date': '2025-03-07', 'origin': 'YYZ', 'destination': 'SAL', 'flight_number': 'AV627', 'std': '16:00:00', 'atd': '15:58:00', 'groomers_in': '14:02:00', 'groomers_out': '14:22:00', 'crew_at_gate': '14:47:00', 'ok_to_board': '15:05:00', 'flight_secure': '15:41:00', 'cierre_de_puerta': '15:47:00', 'push_back': '15:58:00', 'pax_ob_total': '153', 'customs_in': '0', 'delay': '- 626 | 3WCHR 5Agents\n- 627 | 10WCHR 3Agents', 'gate': 'E72', 'carrousel': '12', 'delay_code': '', 'WCHR': 'No Comments', 'comments': ''}
2025-03-07 21:35:42,849 - INFO - Datos enviados exitosamente a BigQuery
2025-03-07 21:35:43,706 - INFO - Ejecutando consulta: 
        SELECT *
        FROM `unfc-439001.avianca2000.Reportes`
        WHERE 1=1
         ORDER BY flight_date DESC, std DESC
2025-03-07 21:35:56,058 - INFO - Aplicación iniciada
2025-03-07 21:35:56,194 - INFO - Credenciales cargadas correctamente desde Streamlit Secrets.
2025-03-07 21:35:56,195 - INFO - BigQuery client initialized successfully.
2025-03-07 21:35:56,914 - INFO - Ejecutando consulta: 
        SELECT *
        FROM `unfc-439001.avianca2000.Reportes`
        WHERE 1=1
         AND flight_number = 'AV627' ORDER BY flight_date DESC, std DESC
2025-03-07 21:36:00,221 - INFO - Aplicación iniciada
2025-03-07 21:36:00,307 - INFO - Credenciales cargadas correctamente desde Streamlit Secrets.
2025-03-07 21:36:00,308 - INFO - BigQuery client initialized successfully.
2025-03-07 21:36:01,056 - INFO - Ejecutando consulta: 
        SELECT *
        FROM `unfc-439001.avianca2000.Reportes`
        WHERE 1=1
         AND flight_number = 'AV627' ORDER BY flight_date DESC, std DESC
2025-03-07 21:37:03,424 - INFO - Aplicación iniciada
2025-03-07 21:37:03,820 - INFO - Credenciales cargadas correctamente desde Streamlit Secrets.
2025-03-07 21:37:03,827 - INFO - BigQuery client initialized successfully.
2025-03-07 21:37:05,012 - INFO - Ejecutando consulta: 
        SELECT *
        FROM `unfc-439001.avianca2000.Reportes`
        WHERE 1=1
         AND flight_number = 'AV627' ORDER BY flight_date DESC, std DESC
2025-03-07 21:37:25,713 - INFO - Aplicación iniciada
2025-03-07 21:37:25,833 - INFO - Credenciales cargadas correctamente desde Streamlit Secrets.
2025-03-07 21:37:25,833 - INFO - BigQuery client initialized successfully.
2025-03-07 21:37:26,582 - INFO - Ejecutando consulta: 
        SELECT *
        FROM `unfc-439001.avianca2000.Reportes`
        WHERE 1=1
         AND flight_number = 'AV627' ORDER BY flight_date DESC, std DESC
2025-03-07 21:40:44,172 - INFO - Aplicación iniciada
2025-03-07 21:40:44,341 - INFO - Credenciales cargadas correctamente desde Streamlit Secrets.
2025-03-07 21:40:44,342 - INFO - BigQuery client initialized successfully.
2025-03-07 21:40:45,895 - INFO - Ejecutando consulta: 
        SELECT *
        FROM `unfc-439001.avianca2000.Reportes`
        WHERE 1=1
         AND flight_number = 'AV627' ORDER BY flight_date DESC, std DESC
2025-03-07 21:46:39,020 - INFO - Aplicación iniciada
2025-03-07 21:46:39,331 - INFO - Credenciales cargadas correctamente desde Streamlit Secrets.
2025-03-07 21:46:39,333 - INFO - BigQuery client initialized successfully.
2025-03-07 21:46:40,973 - INFO - Ejecutando consulta: 
        SELECT *
        FROM `unfc-439001.avianca2000.Reportes`
        WHERE 1=1
         ORDER BY flight_date DESC, std DESC
2025-03-07 21:46:52,699 - INFO - Aplicación iniciada
2025-03-07 21:46:52,896 - INFO - Credenciales cargadas correctamente desde Streamlit Secrets.
2025-03-07 21:46:52,898 - INFO - BigQuery client initialized successfully.
2025-03-07 21:46:53,730 - INFO - Ejecutando consulta: 
        SELECT *
        FROM `unfc-439001.avianca2000.Reportes`
        WHERE 1=1
         AND flight_number = 'AV627' ORDER BY flight_date DESC, std DESC
2025-03-07 21:47:14,497 - INFO - Aplicación iniciada
2025-03-07 21:47:14,666 - INFO - Credenciales cargadas correctamente desde Streamlit Secrets.
2025-03-07 21:47:14,667 - INFO - BigQuery client initialized successfully.
2025-03-07 21:47:15,558 - INFO - Ejecutando consulta: 
        SELECT *
        FROM `unfc-439001.avianca2000.Reportes`
        WHERE 1=1
         AND flight_number = 'AV627' ORDER BY flight_date DESC, std DESC
2025-03-07 21:47:53,139 - INFO - Aplicación iniciada
2025-03-07 21:47:53,348 - INFO - Credenciales cargadas correctamente desde Streamlit Secrets.
2025-03-07 21:47:53,348 - INFO - BigQuery client initialized successfully.
2025-03-07 21:47:54,175 - INFO - Ejecutando consulta: 
        SELECT *
        FROM `unfc-439001.avianca2000.Reportes`
        WHERE 1=1
         AND flight_number = 'AV627' ORDER BY flight_date DESC, std DESC
2025-03-07 21:49:21,080 - INFO - Aplicación iniciada
2025-03-07 21:49:21,370 - INFO - Credenciales cargadas correctamente desde Streamlit Secrets.
2025-03-07 21:49:21,376 - INFO - BigQuery client initialized successfully.
2025-03-07 21:49:22,288 - INFO - Ejecutando consulta: 
        SELECT *
        FROM `unfc-439001.avianca2000.Reportes`
        WHERE 1=1
         AND flight_number = 'AV627' ORDER BY flight_date DESC, std DESC
2025-03-07 21:50:26,641 - INFO - Aplicación iniciada
2025-03-07 21:50:26,744 - INFO - Credenciales cargadas correctamente desde Streamlit Secrets.
2025-03-07 21:50:26,745 - INFO - BigQuery client initialized successfully.
2025-03-07 21:50:27,629 - INFO - Ejecutando consulta: 
        SELECT *
        FROM `unfc-439001.avianca2000.Reportes`
        WHERE 1=1
         AND flight_number = 'AV627' ORDER BY flight_date DESC, std DESC
2025-03-07 21:50:40,497 - INFO - Aplicación iniciada
2025-03-07 21:50:40,601 - INFO - Credenciales cargadas correctamente desde Streamlit Secrets.
2025-03-07 21:50:40,604 - INFO - BigQuery client initialized successfully.
2025-03-07 21:50:41,390 - INFO - Ejecutando consulta: 
        SELECT *
        FROM `unfc-439001.avianca2000.Reportes`
        WHERE 1=1
         AND flight_number = 'AV627' ORDER BY flight_date DESC, std DESC
2025-03-07 21:50:41,727 - ERROR - Error al crear diagrama de Gantt: timeline() got an unexpected keyword argument 'y_start'
Traceback (most recent call last):
  File "/Users/mateoheras/Library/CloudStorage/OneDrive-Personal/GitHub/Avianca/src/components/timeline_chart.py", line 387, in create_gantt_chart
    fig = px.timeline(
          ^^^^^^^^^^^^
TypeError: timeline() got an unexpected keyword argument 'y_start'
2025-03-07 21:53:21,792 - INFO - Aplicación iniciada
2025-03-07 21:53:21,871 - INFO - Credenciales cargadas correctamente desde Streamlit Secrets.
2025-03-07 21:53:21,871 - INFO - BigQuery client initialized successfully.
2025-03-07 21:53:22,913 - INFO - Ejecutando consulta: 
        SELECT *
        FROM `unfc-439001.avianca2000.Reportes`
        WHERE 1=1
         ORDER BY flight_date DESC, std DESC
2025-03-07 21:53:23,439 - ERROR - Error al crear diagrama de Gantt: unsupported operand type(s) for +: 'Timestamp' and 'Timestamp'
Traceback (most recent call last):
  File "/Users/mateoheras/Library/CloudStorage/OneDrive-Personal/GitHub/Avianca/src/components/timeline_chart.py", line 412, in create_gantt_chart
    x=(row["Start"] + row["Finish"])/2,  # Punto medio de la barra en X
       ~~~~~~~~~~~~~^~~~~~~~~~~~~~~
TypeError: unsupported operand type(s) for +: 'Timestamp' and 'Timestamp'
2025-03-07 21:53:26,885 - INFO - Aplicación iniciada
2025-03-07 21:53:27,020 - INFO - Credenciales cargadas correctamente desde Streamlit Secrets.
2025-03-07 21:53:27,022 - INFO - BigQuery client initialized successfully.
2025-03-07 21:53:27,803 - INFO - Ejecutando consulta: 
        SELECT *
        FROM `unfc-439001.avianca2000.Reportes`
        WHERE 1=1
         AND flight_number = 'AV627' ORDER BY flight_date DESC, std DESC
2025-03-07 21:53:28,168 - ERROR - Error al crear diagrama de Gantt: unsupported operand type(s) for +: 'Timestamp' and 'Timestamp'
Traceback (most recent call last):
  File "/Users/mateoheras/Library/CloudStorage/OneDrive-Personal/GitHub/Avianca/src/components/timeline_chart.py", line 412, in create_gantt_chart
    x=(row["Start"] + row["Finish"])/2,  # Punto medio de la barra en X
       ~~~~~~~~~~~~~^~~~~~~~~~~~~~~
TypeError: unsupported operand type(s) for +: 'Timestamp' and 'Timestamp'
2025-03-07 21:53:32,345 - INFO - Aplicación iniciada
2025-03-07 21:53:32,458 - INFO - Credenciales cargadas correctamente desde Streamlit Secrets.
2025-03-07 21:53:32,459 - INFO - BigQuery client initialized successfully.
2025-03-07 21:53:33,176 - INFO - Ejecutando consulta: 
        SELECT *
        FROM `unfc-439001.avianca2000.Reportes`
        WHERE 1=1
         AND flight_number = 'AV627' ORDER BY flight_date DESC, std DESC
2025-03-07 21:53:36,778 - INFO - Aplicación iniciada
2025-03-07 21:53:36,893 - INFO - Credenciales cargadas correctamente desde Streamlit Secrets.
2025-03-07 21:53:36,894 - INFO - BigQuery client initialized successfully.
2025-03-07 21:53:37,612 - INFO - Ejecutando consulta: 
        SELECT *
        FROM `unfc-439001.avianca2000.Reportes`
        WHERE 1=1
         AND flight_number = 'AV627' ORDER BY flight_date DESC, std DESC
2025-03-07 21:53:37,947 - ERROR - Error al crear diagrama de Gantt: unsupported operand type(s) for +: 'Timestamp' and 'Timestamp'
Traceback (most recent call last):
  File "/Users/mateoheras/Library/CloudStorage/OneDrive-Personal/GitHub/Avianca/src/components/timeline_chart.py", line 412, in create_gantt_chart
    x=(row["Start"] + row["Finish"])/2,  # Punto medio de la barra en X
       ~~~~~~~~~~~~~^~~~~~~~~~~~~~~
TypeError: unsupported operand type(s) for +: 'Timestamp' and 'Timestamp'
2025-03-07 21:56:01,609 - INFO - Aplicación iniciada
2025-03-07 21:56:01,693 - INFO - Credenciales cargadas correctamente desde Streamlit Secrets.
2025-03-07 21:56:01,693 - INFO - BigQuery client initialized successfully.
2025-03-07 21:56:02,564 - INFO - Ejecutando consulta: 
        SELECT *
        FROM `unfc-439001.avianca2000.Reportes`
        WHERE 1=1
         ORDER BY flight_date DESC, std DESC
2025-03-07 21:56:05,635 - INFO - Aplicación iniciada
2025-03-07 21:56:05,786 - INFO - Credenciales cargadas correctamente desde Streamlit Secrets.
2025-03-07 21:56:05,786 - INFO - BigQuery client initialized successfully.
2025-03-07 21:56:06,536 - INFO - Ejecutando consulta: 
        SELECT *
        FROM `unfc-439001.avianca2000.Reportes`
        WHERE 1=1
         AND flight_number = 'AV627' ORDER BY flight_date DESC, std DESC
2025-03-07 21:56:18,156 - INFO - Aplicación iniciada
2025-03-07 21:56:18,298 - INFO - Credenciales cargadas correctamente desde Streamlit Secrets.
2025-03-07 21:56:18,300 - INFO - BigQuery client initialized successfully.
2025-03-07 21:56:19,039 - INFO - Ejecutando consulta: 
        SELECT *
        FROM `unfc-439001.avianca2000.Reportes`
        WHERE 1=1
         AND flight_number = 'AV627' ORDER BY flight_date DESC, std DESC
2025-03-07 21:56:35,372 - INFO - Aplicación iniciada
2025-03-07 21:56:35,513 - INFO - Credenciales cargadas correctamente desde Streamlit Secrets.
2025-03-07 21:56:35,514 - INFO - BigQuery client initialized successfully.
2025-03-07 21:56:36,244 - INFO - Ejecutando consulta: 
        SELECT *
        FROM `unfc-439001.avianca2000.Reportes`
        WHERE 1=1
         AND flight_number = 'AV627' ORDER BY flight_date DESC, std DESC
2025-03-07 21:57:02,358 - INFO - Aplicación iniciada
2025-03-07 21:57:02,459 - INFO - Credenciales cargadas correctamente desde Streamlit Secrets.
2025-03-07 21:57:02,460 - INFO - BigQuery client initialized successfully.
2025-03-07 21:57:03,245 - INFO - Ejecutando consulta: 
        SELECT *
        FROM `unfc-439001.avianca2000.Reportes`
        WHERE 1=1
         AND flight_number = 'AV627' ORDER BY flight_date DESC, std DESC
2025-03-07 21:57:06,574 - INFO - Aplicación iniciada
2025-03-07 21:57:06,677 - INFO - Credenciales cargadas correctamente desde Streamlit Secrets.
2025-03-07 21:57:06,677 - INFO - BigQuery client initialized successfully.
2025-03-07 21:57:07,395 - INFO - Ejecutando consulta: 
        SELECT *
        FROM `unfc-439001.avianca2000.Reportes`
        WHERE 1=1
         AND flight_number = 'AV627' ORDER BY flight_date DESC, std DESC
2025-03-07 21:57:16,555 - INFO - Aplicación iniciada
2025-03-07 21:57:16,658 - INFO - Credenciales cargadas correctamente desde Streamlit Secrets.
2025-03-07 21:57:16,658 - INFO - BigQuery client initialized successfully.
2025-03-07 21:57:17,384 - INFO - Ejecutando consulta: 
        SELECT *
        FROM `unfc-439001.avianca2000.Reportes`
        WHERE 1=1
         AND flight_number = 'AV627' ORDER BY flight_date DESC, std DESC
2025-03-07 21:57:43,042 - INFO - Aplicación iniciada
2025-03-07 21:57:43,178 - INFO - Credenciales cargadas correctamente desde Streamlit Secrets.
2025-03-07 21:57:43,179 - INFO - BigQuery client initialized successfully.
2025-03-07 21:57:43,946 - INFO - Ejecutando consulta: 
        SELECT *
        FROM `unfc-439001.avianca2000.Reportes`
        WHERE 1=1
         AND flight_number = 'AV627' ORDER BY flight_date DESC, std DESC
2025-03-07 22:02:18,050 - INFO - Aplicación iniciada
2025-03-07 22:02:18,153 - INFO - Credenciales cargadas correctamente desde Streamlit Secrets.
2025-03-07 22:02:18,154 - INFO - BigQuery client initialized successfully.
2025-03-07 22:02:19,351 - INFO - Ejecutando consulta: 
        SELECT *
        FROM `unfc-439001.avianca2000.Reportes`
        WHERE 1=1
         ORDER BY flight_date DESC, std DESC
2025-03-07 22:02:23,877 - INFO - Aplicación iniciada
2025-03-07 22:02:24,036 - INFO - Credenciales cargadas correctamente desde Streamlit Secrets.
2025-03-07 22:02:24,037 - INFO - BigQuery client initialized successfully.
2025-03-07 22:02:24,993 - INFO - Ejecutando consulta: 
        SELECT *
        FROM `unfc-439001.avianca2000.Reportes`
        WHERE 1=1
         AND flight_number = 'AV627' ORDER BY flight_date DESC, std DESC
2025-03-07 22:03:57,673 - INFO - Aplicación iniciada
2025-03-07 22:03:57,843 - INFO - Credenciales cargadas correctamente desde Streamlit Secrets.
2025-03-07 22:03:57,856 - INFO - BigQuery client initialized successfully.
2025-03-07 22:03:58,870 - INFO - Ejecutando consulta: 
        SELECT *
        FROM `unfc-439001.avianca2000.Reportes`
        WHERE 1=1
         AND flight_number = 'AV627' ORDER BY flight_date DESC, std DESC
2025-03-07 22:04:20,178 - INFO - Aplicación iniciada
2025-03-07 22:04:20,343 - INFO - Credenciales cargadas correctamente desde Streamlit Secrets.
2025-03-07 22:04:20,344 - INFO - BigQuery client initialized successfully.
2025-03-07 22:04:21,122 - INFO - Ejecutando consulta: 
        SELECT *
        FROM `unfc-439001.avianca2000.Reportes`
        WHERE 1=1
         AND flight_number = 'AV627' ORDER BY flight_date DESC, std DESC
2025-03-07 22:09:31,808 - INFO - Aplicación iniciada
2025-03-07 22:09:31,981 - INFO - Credenciales cargadas correctamente desde Streamlit Secrets.
2025-03-07 22:09:31,982 - INFO - BigQuery client initialized successfully.
2025-03-07 22:09:33,255 - INFO - Ejecutando consulta: 
        SELECT *
        FROM `unfc-439001.avianca2000.Reportes`
        WHERE 1=1
         AND flight_number = 'AV627' ORDER BY flight_date DESC, std DESC
2025-03-07 22:09:54,497 - INFO - Aplicación iniciada
2025-03-07 22:09:54,609 - INFO - Credenciales cargadas correctamente desde Streamlit Secrets.
2025-03-07 22:09:54,610 - INFO - BigQuery client initialized successfully.
2025-03-07 22:09:55,433 - INFO - Ejecutando consulta: 
        SELECT *
        FROM `unfc-439001.avianca2000.Reportes`
        WHERE 1=1
         AND flight_number = 'AV627' ORDER BY flight_date DESC, std DESC
2025-03-07 22:13:07,185 - INFO - Aplicación iniciada
2025-03-07 22:13:07,400 - INFO - Credenciales cargadas correctamente desde Streamlit Secrets.
2025-03-07 22:13:07,407 - INFO - BigQuery client initialized successfully.
2025-03-07 22:13:07,464 - INFO - Procesando datos del formulario
2025-03-07 22:13:07,465 - INFO - Datos del formulario procesados y validados correctamente
2025-03-07 22:13:08,327 - INFO - Ejecutando consulta: 
        SELECT *
        FROM `unfc-439001.avianca2000.Reportes`
        WHERE 1=1
         AND flight_number = 'AV627' ORDER BY flight_date DESC, std DESC
2025-03-07 22:13:27,711 - INFO - Aplicación iniciada
2025-03-07 22:13:27,880 - INFO - Credenciales cargadas correctamente desde Streamlit Secrets.
2025-03-07 22:13:27,881 - INFO - BigQuery client initialized successfully.
2025-03-07 22:13:27,920 - INFO - Enviando datos a BigQuery tabla: unfc-439001.avianca2000.Reportes
2025-03-07 22:13:27,921 - INFO - Datos a enviar: {'flight_date': '2025-03-07', 'origin': 'YYZ', 'destination': 'BOG', 'flight_number': 'AV205', 'std': '22:55:00', 'atd': '23:10:00', 'groomers_in': '21:58:00', 'groomers_out': '22:18:00', 'crew_at_gate': '22:19:00', 'ok_to_board': '22:32:00', 'flight_secure': '22:57:00', 'cierre_de_puerta': '23:00:00', 'push_back': '23:10:00', 'pax_ob_total': '147 C:05. Y: 142', 'customs_in': '0', 'delay': '1 min 93A Llegada tarde, demora heredada\n14 min 38B Servicio de limpieza, otros proveedores, llegada tarde de personal de limpieza y solo 3 personas\n', 'gate': 'E81', 'carrousel': '13', 'delay_code': '1 min 93A Llegada tarde, demora heredada\n14 min 38B Servicio de limpieza, otros proveedores, llegada tarde de personal de limpieza y solo 3 personas\n', 'WCHR': '- 204 | 2WCHR - 2Agent\n- 205 | 9 WHCR -2 agents', 'comments': '— <This message was edited>'}
2025-03-07 22:13:30,793 - INFO - Datos enviados exitosamente a BigQuery
2025-03-07 22:13:31,725 - INFO - Ejecutando consulta: 
        SELECT *
        FROM `unfc-439001.avianca2000.Reportes`
        WHERE 1=1
         AND flight_number = 'AV627' ORDER BY flight_date DESC, std DESC
2025-03-07 22:13:40,413 - INFO - Aplicación iniciada
2025-03-07 22:13:40,516 - INFO - Credenciales cargadas correctamente desde Streamlit Secrets.
2025-03-07 22:13:40,520 - INFO - BigQuery client initialized successfully.
2025-03-07 22:13:41,236 - INFO - Ejecutando consulta: 
        SELECT *
        FROM `unfc-439001.avianca2000.Reportes`
        WHERE 1=1
         AND flight_number = 'AV205' ORDER BY flight_date DESC, std DESC
2025-03-07 22:13:45,584 - INFO - Aplicación iniciada
2025-03-07 22:13:45,680 - INFO - Credenciales cargadas correctamente desde Streamlit Secrets.
2025-03-07 22:13:45,681 - INFO - BigQuery client initialized successfully.
2025-03-07 22:13:46,453 - INFO - Ejecutando consulta: 
        SELECT *
        FROM `unfc-439001.avianca2000.Reportes`
        WHERE 1=1
         AND flight_number = 'AV205' ORDER BY flight_date DESC, std DESC
2025-03-07 22:14:07,885 - INFO - Aplicación iniciada
2025-03-07 22:14:08,014 - INFO - Credenciales cargadas correctamente desde Streamlit Secrets.
2025-03-07 22:14:08,014 - INFO - BigQuery client initialized successfully.
2025-03-07 22:14:08,758 - INFO - Ejecutando consulta: 
        SELECT *
        FROM `unfc-439001.avianca2000.Reportes`
        WHERE 1=1
         AND flight_number = 'AV205' ORDER BY flight_date DESC, std DESC
2025-03-07 22:17:06,976 - INFO - Aplicación iniciada
2025-03-07 22:17:07,098 - INFO - Credenciales cargadas correctamente desde Streamlit Secrets.
2025-03-07 22:17:07,099 - INFO - BigQuery client initialized successfully.
2025-03-07 22:17:07,114 - INFO - Enviando datos a BigQuery tabla: unfc-439001.avianca2000.Reportes
2025-03-07 22:17:07,114 - INFO - Datos a enviar: {'flight_date': '2025-03-07', 'origin': 'YYZ', 'destination': 'BOG', 'flight_number': 'AV205', 'std': '22:55:00', 'atd': '23:10:00', 'groomers_in': '21:58:00', 'groomers_out': '22:18:00', 'crew_at_gate': '22:19:00', 'ok_to_board': '22:32:00', 'flight_secure': '22:57:00', 'cierre_de_puerta': '23:00:00', 'push_back': '23:10:00', 'pax_ob_total': '147 C:05. Y: 142', 'customs_in': '0', 'delay': '1 min 93A Llegada tarde, demora heredada\n14 min 38B Servicio de limpieza, otros proveedores, llegada tarde de personal de limpieza y solo 3 personas\n', 'gate': 'E81', 'carrousel': '13', 'delay_code': '1 min 93A Llegada tarde, demora heredada\n14 min 38B Servicio de limpieza, otros proveedores, llegada tarde de personal de limpieza y solo 3 personas\n', 'WCHR': '- 204 | 2WCHR - 2Agent\n- 205 | 9 WHCR -2 agents', 'comments': '— <This message was edited>'}
2025-03-07 22:17:10,008 - INFO - Datos enviados exitosamente a BigQuery
2025-03-07 22:17:10,909 - INFO - Ejecutando consulta: 
        SELECT *
        FROM `unfc-439001.avianca2000.Reportes`
        WHERE 1=1
         AND flight_number = 'AV205' ORDER BY flight_date DESC, std DESC
2025-03-07 22:17:38,480 - INFO - Aplicación iniciada
2025-03-07 22:17:38,651 - INFO - Credenciales cargadas correctamente desde Streamlit Secrets.
2025-03-07 22:17:38,653 - INFO - BigQuery client initialized successfully.
2025-03-07 22:17:39,502 - INFO - Ejecutando consulta: 
        SELECT *
        FROM `unfc-439001.avianca2000.Reportes`
        WHERE 1=1
         AND flight_number = 'AV205' ORDER BY flight_date DESC, std DESC
2025-03-07 22:17:44,566 - INFO - Aplicación iniciada
2025-03-07 22:17:44,647 - INFO - Credenciales cargadas correctamente desde Streamlit Secrets.
2025-03-07 22:17:44,648 - INFO - BigQuery client initialized successfully.
2025-03-07 22:17:45,453 - INFO - Ejecutando consulta: 
        SELECT *
        FROM `unfc-439001.avianca2000.Reportes`
        WHERE 1=1
         AND flight_date = '2025-03-07' AND flight_number = 'AV205' ORDER BY flight_date DESC, std DESC
2025-03-07 22:17:54,539 - INFO - Aplicación iniciada
2025-03-07 22:17:54,654 - INFO - Credenciales cargadas correctamente desde Streamlit Secrets.
2025-03-07 22:17:54,655 - INFO - BigQuery client initialized successfully.
2025-03-07 22:17:55,387 - INFO - Ejecutando consulta: 
        SELECT *
        FROM `unfc-439001.avianca2000.Reportes`
        WHERE 1=1
         AND flight_date = '2025-03-07' AND flight_number = 'AV205' ORDER BY flight_date DESC, std DESC
2025-03-07 22:18:17,176 - INFO - Aplicación iniciada
2025-03-07 22:18:17,331 - INFO - Credenciales cargadas correctamente desde Streamlit Secrets.
2025-03-07 22:18:17,332 - INFO - BigQuery client initialized successfully.
2025-03-07 22:18:18,153 - INFO - Ejecutando consulta: 
        SELECT *
        FROM `unfc-439001.avianca2000.Reportes`
        WHERE 1=1
         AND flight_date = '2025-03-07' AND flight_number = 'AV205' ORDER BY flight_date DESC, std DESC
2025-03-07 22:28:13,796 - INFO - Aplicación iniciada
2025-03-07 22:28:13,961 - INFO - Credenciales cargadas correctamente desde Streamlit Secrets.
2025-03-07 22:28:13,963 - INFO - BigQuery client initialized successfully.
2025-03-07 22:28:15,228 - INFO - Ejecutando consulta: 
        SELECT *
        FROM `unfc-439001.avianca2000.Reportes`
        WHERE 1=1
         ORDER BY flight_date DESC, std DESC
2025-03-07 22:28:19,680 - INFO - Aplicación iniciada
2025-03-07 22:28:19,830 - INFO - Credenciales cargadas correctamente desde Streamlit Secrets.
2025-03-07 22:28:19,832 - INFO - BigQuery client initialized successfully.
2025-03-07 22:28:20,573 - INFO - Ejecutando consulta: 
        SELECT *
        FROM `unfc-439001.avianca2000.Reportes`
        WHERE 1=1
         AND flight_date = '2025-03-07' ORDER BY flight_date DESC, std DESC
2025-03-07 22:28:24,723 - INFO - Aplicación iniciada
2025-03-07 22:28:24,835 - INFO - Credenciales cargadas correctamente desde Streamlit Secrets.
2025-03-07 22:28:24,835 - INFO - BigQuery client initialized successfully.
2025-03-07 22:28:25,535 - INFO - Ejecutando consulta: 
        SELECT *
        FROM `unfc-439001.avianca2000.Reportes`
        WHERE 1=1
         AND flight_date = '2025-03-07' AND flight_number = 'AV205' ORDER BY flight_date DESC, std DESC
2025-03-07 22:28:36,194 - INFO - Aplicación iniciada
2025-03-07 22:28:36,346 - INFO - Credenciales cargadas correctamente desde Streamlit Secrets.
2025-03-07 22:28:36,347 - INFO - BigQuery client initialized successfully.
2025-03-07 22:28:37,091 - INFO - Ejecutando consulta: 
        SELECT *
        FROM `unfc-439001.avianca2000.Reportes`
        WHERE 1=1
         AND flight_date = '2025-03-07' AND flight_number = 'AV205' ORDER BY flight_date DESC, std DESC
2025-03-07 22:29:02,868 - INFO - Aplicación iniciada
2025-03-07 22:29:03,003 - INFO - Credenciales cargadas correctamente desde Streamlit Secrets.
2025-03-07 22:29:03,004 - INFO - BigQuery client initialized successfully.
2025-03-07 22:29:03,757 - INFO - Ejecutando consulta: 
        SELECT *
        FROM `unfc-439001.avianca2000.Reportes`
        WHERE 1=1
         AND flight_date = '2025-03-07' AND flight_number = 'AV205' ORDER BY flight_date DESC, std DESC
